<?xml version="1.0" encoding="UTF-8"?>
<testng-results ignored="0" total="1" passed="1" failed="0" skipped="0">
  <reporter-output>
  </reporter-output>
  <suite started-at="2020-01-20T15:40:24Z" name="Default suite" finished-at="2020-01-20T15:40:38Z" duration-ms="13774">
    <groups>
    </groups>
    <test started-at="2020-01-20T15:40:24Z" name="Default test" finished-at="2020-01-20T15:40:38Z" duration-ms="13774">
      <class name="SapTests.IntegrationTestsSapWeb">
        <test-method signature="integrationTestSap()[pri:0, instance:SapTests.IntegrationTestsSapWeb@34cdeda2]" started-at="2020-01-20T18:40:24Z" name="integrationTestSap" finished-at="2020-01-20T18:40:38Z" duration-ms="13702" status="PASS">
          <reporter-output>
          </reporter-output>
        </test-method> <!-- integrationTestSap -->
      </class> <!-- SapTests.IntegrationTestsSapWeb -->
    </test> <!-- Default test -->
  </suite> <!-- Default suite -->
</testng-results>
